ERROR:root:Error processing image C:\Users\hp\Desktop\hepsi\kanal\kanal-1\ASLI_ÖZDEMIR_aft-jpg_20151eca-075f-44f7-80c4-24a05a37cd84.jpg: Image is None: C:\Users\hp\Desktop\hepsi\kanal\kanal-1\ASLI_ÖZDEMIR_aft-jpg_20151eca-075f-44f7-80c4-24a05a37cd84.jpg
ERROR:root:Error processing image C:\Users\hp\Desktop\hepsi\kanal\kanal-1\ASLI_ÖZDEMIR_bef-jpg_20151eca-075f-44f7-80c4-24a05a37cd84.jpg: Image is None: C:\Users\hp\Desktop\hepsi\kanal\kanal-1\ASLI_ÖZDEMIR_bef-jpg_20151eca-075f-44f7-80c4-24a05a37cd84.jpg
ERROR:root:Error processing image C:\Users\hp\Desktop\hepsi\kanal\kanal-1\AYHATUN_YALÇIN_aft-jpg_125674d0-f0c9-4bf3-b9c4-7b29055c4b1f.jpg: Image is None: C:\Users\hp\Desktop\hepsi\kanal\kanal-1\AYHATUN_YALÇIN_aft-jpg_125674d0-f0c9-4bf3-b9c4-7b29055c4b1f.jpg
ERROR:root:Error processing image C:\Users\hp\Desktop\hepsi\kanal\kanal-1\AYHATUN_YALÇIN_bef-jpg_125674d0-f0c9-4bf3-b9c4-7b29055c4b1f.jpg: Image is None: C:\Users\hp\Desktop\hepsi\kanal\kanal-1\AYHATUN_YALÇIN_bef-jpg_125674d0-f0c9-4bf3-b9c4-7b29055c4b1f.jpg
ERROR:root:Error processing image C:\Users\hp\Desktop\hepsi\kanal\kanal-1\AYSEGÜL_ÖZDILEK_aft-jpg_dc26de72-3d6e-4df1-9c89-a0fdf23f0aa8.jpg: Image is None: C:\Users\hp\Desktop\hepsi\kanal\kanal-1\AYSEGÜL_ÖZDILEK_aft-jpg_dc26de72-3d6e-4df1-9c89-a0fdf23f0aa8.jpg
ERROR:root:Error processing image C:\Users\hp\Desktop\hepsi\kanal\kanal-1\AYSEGÜL_ÖZDILEK_bef-jpg_dc26de72-3d6e-4df1-9c89-a0fdf23f0aa8.jpg: Image is None: C:\Users\hp\Desktop\hepsi\kanal\kanal-1\AYSEGÜL_ÖZDILEK_bef-jpg_dc26de72-3d6e-4df1-9c89-a0fdf23f0aa8.jpg
ERROR:root:Error processing image C:\Users\hp\Desktop\hepsi\kanal\kanal-1\AYÇA_TORUN_aft-jpg_78175510-1b0e-4da6-93d2-efb2df1c3287.jpg: Image is None: C:\Users\hp\Desktop\hepsi\kanal\kanal-1\AYÇA_TORUN_aft-jpg_78175510-1b0e-4da6-93d2-efb2df1c3287.jpg
ERROR:root:Error processing image C:\Users\hp\Desktop\hepsi\kanal\kanal-1\AYÇA_TORUN_bef-jpg_78175510-1b0e-4da6-93d2-efb2df1c3287.jpg: Image is None: C:\Users\hp\Desktop\hepsi\kanal\kanal-1\AYÇA_TORUN_bef-jpg_78175510-1b0e-4da6-93d2-efb2df1c3287.jpg
ERROR:root:Error processing image C:\Users\hp\Desktop\hepsi\kanal\kanal-2\DEHAM CAN_SÖYLEMEZ_aft-jpg_caa6469c-1f00-4bf5-b655-75bab499e2f0.jpg: Image is None: C:\Users\hp\Desktop\hepsi\kanal\kanal-2\DEHAM CAN_SÖYLEMEZ_aft-jpg_caa6469c-1f00-4bf5-b655-75bab499e2f0.jpg
ERROR:root:Error processing image C:\Users\hp\Desktop\hepsi\kanal\kanal-2\DEHAM CAN_SÖYLEMEZ_bef-jpg_caa6469c-1f00-4bf5-b655-75bab499e2f0.jpg: Image is None: C:\Users\hp\Desktop\hepsi\kanal\kanal-2\DEHAM CAN_SÖYLEMEZ_bef-jpg_caa6469c-1f00-4bf5-b655-75bab499e2f0.jpg
ERROR:root:Error processing image C:\Users\hp\Desktop\hepsi\kanal\kanal-2\ERDEM GÜROL_ERDEN_aft-jpg_d9547d37-0de1-423a-8ed3-60fb22d4872e.jpg: Image is None: C:\Users\hp\Desktop\hepsi\kanal\kanal-2\ERDEM GÜROL_ERDEN_aft-jpg_d9547d37-0de1-423a-8ed3-60fb22d4872e.jpg
ERROR:root:Error processing image C:\Users\hp\Desktop\hepsi\kanal\kanal-2\ERDEM GÜROL_ERDEN_bef-jpg_d9547d37-0de1-423a-8ed3-60fb22d4872e.jpg: Image is None: C:\Users\hp\Desktop\hepsi\kanal\kanal-2\ERDEM GÜROL_ERDEN_bef-jpg_d9547d37-0de1-423a-8ed3-60fb22d4872e.jpg
ERROR:root:Error processing image C:\Users\hp\Desktop\hepsi\kanal\kanal-2\ESEN_KARAKOÇ_aft-jpg_cea3d7c5-4b5d-44e1-a349-f7acfac83b76.jpg: Image is None: C:\Users\hp\Desktop\hepsi\kanal\kanal-2\ESEN_KARAKOÇ_aft-jpg_cea3d7c5-4b5d-44e1-a349-f7acfac83b76.jpg
ERROR:root:Error processing image C:\Users\hp\Desktop\hepsi\kanal\kanal-2\ESEN_KARAKOÇ_bef-jpg_cea3d7c5-4b5d-44e1-a349-f7acfac83b76.jpg: Image is None: C:\Users\hp\Desktop\hepsi\kanal\kanal-2\ESEN_KARAKOÇ_bef-jpg_cea3d7c5-4b5d-44e1-a349-f7acfac83b76.jpg
ERROR:root:Error processing image C:\Users\hp\Desktop\hepsi\kanal\kanal-2\EYSAN RUKIYE_ÇELEBI_aft-jpg_d185c0d8-d814-4df2-92ae-d6f95168bdc6.jpg: Image is None: C:\Users\hp\Desktop\hepsi\kanal\kanal-2\EYSAN RUKIYE_ÇELEBI_aft-jpg_d185c0d8-d814-4df2-92ae-d6f95168bdc6.jpg
ERROR:root:Error processing image C:\Users\hp\Desktop\hepsi\kanal\kanal-2\EYSAN RUKIYE_ÇELEBI_bef-jpg_d185c0d8-d814-4df2-92ae-d6f95168bdc6.jpg: Image is None: C:\Users\hp\Desktop\hepsi\kanal\kanal-2\EYSAN RUKIYE_ÇELEBI_bef-jpg_d185c0d8-d814-4df2-92ae-d6f95168bdc6.jpg
ERROR:root:Error processing image C:\Users\hp\Desktop\hepsi\kanal\kanal-3\GIZEM_ÖZDEMIR_aft-jpg_9231ccab-1869-4de4-b50b-a158542658d0.jpg: Image is None: C:\Users\hp\Desktop\hepsi\kanal\kanal-3\GIZEM_ÖZDEMIR_aft-jpg_9231ccab-1869-4de4-b50b-a158542658d0.jpg
ERROR:root:Error processing image C:\Users\hp\Desktop\hepsi\kanal\kanal-3\GIZEM_ÖZDEMIR_bef-jpg_9231ccab-1869-4de4-b50b-a158542658d0.jpg: Image is None: C:\Users\hp\Desktop\hepsi\kanal\kanal-3\GIZEM_ÖZDEMIR_bef-jpg_9231ccab-1869-4de4-b50b-a158542658d0.jpg
ERROR:root:Error processing image C:\Users\hp\Desktop\hepsi\kanal\kanal-3\GÜLNUR_ERGÜN_aft-jpg_65ade633-46a2-4d15-bfae-08fcd713b8df.jpg: Image is None: C:\Users\hp\Desktop\hepsi\kanal\kanal-3\GÜLNUR_ERGÜN_aft-jpg_65ade633-46a2-4d15-bfae-08fcd713b8df.jpg
ERROR:root:Error processing image C:\Users\hp\Desktop\hepsi\kanal\kanal-3\GÜLNUR_ERGÜN_bef-jpg_65ade633-46a2-4d15-bfae-08fcd713b8df.jpg: Image is None: C:\Users\hp\Desktop\hepsi\kanal\kanal-3\GÜLNUR_ERGÜN_bef-jpg_65ade633-46a2-4d15-bfae-08fcd713b8df.jpg
ERROR:root:Error processing image C:\Users\hp\Desktop\hepsi\kanal\kanal-3\GÜLTEN_TOPCU_afte-jpg_d7061192-81f2-4726-a4f1-f718061322a3.jpg: Image is None: C:\Users\hp\Desktop\hepsi\kanal\kanal-3\GÜLTEN_TOPCU_afte-jpg_d7061192-81f2-4726-a4f1-f718061322a3.jpg
ERROR:root:Error processing image C:\Users\hp\Desktop\hepsi\kanal\kanal-3\GÜLTEN_TOPCU_bef-jpg_d7061192-81f2-4726-a4f1-f718061322a3.jpg: Image is None: C:\Users\hp\Desktop\hepsi\kanal\kanal-3\GÜLTEN_TOPCU_bef-jpg_d7061192-81f2-4726-a4f1-f718061322a3.jpg
ERROR:root:Error processing image C:\Users\hp\Desktop\hepsi\kanal\kanal-3\HALIL EREN_YENIÇERIOGLU_aft-jpg_3eca2528-1fc2-4b91-a44c-ffce8f221a36.jpg: Image is None: C:\Users\hp\Desktop\hepsi\kanal\kanal-3\HALIL EREN_YENIÇERIOGLU_aft-jpg_3eca2528-1fc2-4b91-a44c-ffce8f221a36.jpg
ERROR:root:Error processing image C:\Users\hp\Desktop\hepsi\kanal\kanal-3\HALIL EREN_YENIÇERIOGLU_bef-jpg_3eca2528-1fc2-4b91-a44c-ffce8f221a36.jpg: Image is None: C:\Users\hp\Desktop\hepsi\kanal\kanal-3\HALIL EREN_YENIÇERIOGLU_bef-jpg_3eca2528-1fc2-4b91-a44c-ffce8f221a36.jpg
ERROR:root:Error processing image C:\Users\hp\Desktop\hepsi\kanal\kanal-3\HILAL_TOSÇU_aft-jpg_7b2b0786-a0de-47a1-94cb-b483af67f285.jpg: Image is None: C:\Users\hp\Desktop\hepsi\kanal\kanal-3\HILAL_TOSÇU_aft-jpg_7b2b0786-a0de-47a1-94cb-b483af67f285.jpg
ERROR:root:Error processing image C:\Users\hp\Desktop\hepsi\kanal\kanal-3\HILAL_TOSÇU_bef-jpg_7b2b0786-a0de-47a1-94cb-b483af67f285.jpg: Image is None: C:\Users\hp\Desktop\hepsi\kanal\kanal-3\HILAL_TOSÇU_bef-jpg_7b2b0786-a0de-47a1-94cb-b483af67f285.jpg
ERROR:root:Error processing image C:\Users\hp\Desktop\hepsi\kanal\kanal-3\HÜLYA_SAVASCI_aft-jpg_9440d8ed-04f5-4ea8-a9b8-d899d6e99084.jpg: Image is None: C:\Users\hp\Desktop\hepsi\kanal\kanal-3\HÜLYA_SAVASCI_aft-jpg_9440d8ed-04f5-4ea8-a9b8-d899d6e99084.jpg
ERROR:root:Error processing image C:\Users\hp\Desktop\hepsi\kanal\kanal-3\HÜLYA_SAVASCI_bef-jpg_9440d8ed-04f5-4ea8-a9b8-d899d6e99084.jpg: Image is None: C:\Users\hp\Desktop\hepsi\kanal\kanal-3\HÜLYA_SAVASCI_bef-jpg_9440d8ed-04f5-4ea8-a9b8-d899d6e99084.jpg
ERROR:root:Error processing image C:\Users\hp\Desktop\hepsi\kanal\kanal-5\ORAL_TUNÇ_aft-jpg_dfad6f75-4792-4d3b-808f-4df6d7f3648d.jpg: Image is None: C:\Users\hp\Desktop\hepsi\kanal\kanal-5\ORAL_TUNÇ_aft-jpg_dfad6f75-4792-4d3b-808f-4df6d7f3648d.jpg
ERROR:root:Error processing image C:\Users\hp\Desktop\hepsi\kanal\kanal-5\ORAL_TUNÇ_bef-jpg_dfad6f75-4792-4d3b-808f-4df6d7f3648d.jpg: Image is None: C:\Users\hp\Desktop\hepsi\kanal\kanal-5\ORAL_TUNÇ_bef-jpg_dfad6f75-4792-4d3b-808f-4df6d7f3648d.jpg
ERROR:root:Error processing image C:\Users\hp\Desktop\hepsi\kanal\kanal-5\ÖZNUR_SIMSEK_aft-jpg_ff9bfc1e-023c-46d4-91bc-5037689d79a9.jpg: Image is None: C:\Users\hp\Desktop\hepsi\kanal\kanal-5\ÖZNUR_SIMSEK_aft-jpg_ff9bfc1e-023c-46d4-91bc-5037689d79a9.jpg
ERROR:root:Error processing image C:\Users\hp\Desktop\hepsi\kanal\kanal-5\ÖZNUR_SIMSEK_bef-jpg_ff9bfc1e-023c-46d4-91bc-5037689d79a9.jpg: Image is None: C:\Users\hp\Desktop\hepsi\kanal\kanal-5\ÖZNUR_SIMSEK_bef-jpg_ff9bfc1e-023c-46d4-91bc-5037689d79a9.jpg
ERROR:root:Error processing image C:\Users\hp\Desktop\hepsi\kanal\kanal-6\SÜMEYYE_GÜNGÖR_aft-jpg_9d3f397a-6535-40b4-8e75-059f3fc6aa15.jpg: Image is None: C:\Users\hp\Desktop\hepsi\kanal\kanal-6\SÜMEYYE_GÜNGÖR_aft-jpg_9d3f397a-6535-40b4-8e75-059f3fc6aa15.jpg
ERROR:root:Error processing image C:\Users\hp\Desktop\hepsi\kanal\kanal-6\SÜMEYYE_GÜNGÖR_bef-jpg_9d3f397a-6535-40b4-8e75-059f3fc6aa15.jpg: Image is None: C:\Users\hp\Desktop\hepsi\kanal\kanal-6\SÜMEYYE_GÜNGÖR_bef-jpg_9d3f397a-6535-40b4-8e75-059f3fc6aa15.jpg
ERROR:root:Error processing image C:\Users\hp\Desktop\hepsi\kanal\kanal-6\TALHA METEHAN_GÜLER_aft-jpg_91efc727-938d-4910-b688-059d0918e510.jpg: Image is None: C:\Users\hp\Desktop\hepsi\kanal\kanal-6\TALHA METEHAN_GÜLER_aft-jpg_91efc727-938d-4910-b688-059d0918e510.jpg
ERROR:root:Error processing image C:\Users\hp\Desktop\hepsi\kanal\kanal-6\TALHA METEHAN_GÜLER_bef-jpg_91efc727-938d-4910-b688-059d0918e510.jpg: Image is None: C:\Users\hp\Desktop\hepsi\kanal\kanal-6\TALHA METEHAN_GÜLER_bef-jpg_91efc727-938d-4910-b688-059d0918e510.jpg
ERROR:root:Error processing image C:\Users\hp\Desktop\hepsi\kanal\kanal-7\ZÜBEYDE_TORUN_aft-jpg_8561c6c9-06ab-40eb-bddf-f25430e3000c.jpg: Image is None: C:\Users\hp\Desktop\hepsi\kanal\kanal-7\ZÜBEYDE_TORUN_aft-jpg_8561c6c9-06ab-40eb-bddf-f25430e3000c.jpg
ERROR:root:Error processing image C:\Users\hp\Desktop\hepsi\kanal\kanal-7\ZÜBEYDE_TORUN_bef-jpg_8561c6c9-06ab-40eb-bddf-f25430e3000c.jpg: Image is None: C:\Users\hp\Desktop\hepsi\kanal\kanal-7\ZÜBEYDE_TORUN_bef-jpg_8561c6c9-06ab-40eb-bddf-f25430e3000c.jpg
ERROR:root:Error processing image C:\Users\hp\Desktop\hepsi\kanal\kanal-3\GULNUR_ERGÜN_aft-jpg_65ade633-46a2-4d15-bfae-08fcd713b8df.jpg: Image is None: C:\Users\hp\Desktop\hepsi\kanal\kanal-3\GULNUR_ERGÜN_aft-jpg_65ade633-46a2-4d15-bfae-08fcd713b8df.jpg
ERROR:root:Error processing image C:\Users\hp\Desktop\hepsi\kanal\kanal-3\GULNUR_ERGÜN_bef-jpg_65ade633-46a2-4d15-bfae-08fcd713b8df.jpg: Image is None: C:\Users\hp\Desktop\hepsi\kanal\kanal-3\GULNUR_ERGÜN_bef-jpg_65ade633-46a2-4d15-bfae-08fcd713b8df.jpg
ERROR:root:Error processing image C:\Users\hp\Desktop\hepsi\kanal\kanal-2\DEHAM CAN_SÖYLEMEZ_aft-jpg_caa6469c-1f00-4bf5-b655-75bab499e2f0.jpg: Image is None: C:\Users\hp\Desktop\hepsi\kanal\kanal-2\DEHAM CAN_SÖYLEMEZ_aft-jpg_caa6469c-1f00-4bf5-b655-75bab499e2f0.jpg
ERROR:root:Error processing image C:\Users\hp\Desktop\hepsi\kanal\kanal-2\DEHAM CAN_SÖYLEMEZ_bef-jpg_caa6469c-1f00-4bf5-b655-75bab499e2f0.jpg: Image is None: C:\Users\hp\Desktop\hepsi\kanal\kanal-2\DEHAM CAN_SÖYLEMEZ_bef-jpg_caa6469c-1f00-4bf5-b655-75bab499e2f0.jpg
ERROR:root:Error processing image C:\Users\hp\Desktop\hepsi\gümülü\gumulu-1\bef-ABDULKARIM_ANADANI_jpg_ca93bbbd-5f1a-47c1-b087-72017a42fa11.jpg: Image is None: C:\Users\hp\Desktop\hepsi\gümülü\gumulu-1\bef-ABDULKARIM_ANADANI_jpg_ca93bbbd-5f1a-47c1-b087-72017a42fa11.jpg
ERROR:root:Error processing image C:\Users\hp\Desktop\hepsi\gümülü\gumulu-1\bef-AHMED_SWEILEM_jpg_a6eeda55-1c26-4c5e-836d-70f90667eae9.jpg: Image is None: C:\Users\hp\Desktop\hepsi\gümülü\gumulu-1\bef-AHMED_SWEILEM_jpg_a6eeda55-1c26-4c5e-836d-70f90667eae9.jpg
ERROR:root:Error processing image C:\Users\hp\Desktop\hepsi\gümülü\gumulu-1\bef-AHMED_TURKOGLU_jpg_fd5ea76d-9866-426c-87cc-995fee2b8ee6.jpg: Image is None: C:\Users\hp\Desktop\hepsi\gümülü\gumulu-1\bef-AHMED_TURKOGLU_jpg_fd5ea76d-9866-426c-87cc-995fee2b8ee6.jpg
ERROR:root:Error processing image C:\Users\hp\Desktop\hepsi\gümülü\gumulu-1\bef-ALEYNA IREM_KALYONCU_jpg_73c7db0d-47f8-45c3-b8d2-d64fd1797a06.jpg: Image is None: C:\Users\hp\Desktop\hepsi\gümülü\gumulu-1\bef-ALEYNA IREM_KALYONCU_jpg_73c7db0d-47f8-45c3-b8d2-d64fd1797a06.jpg
ERROR:root:Error processing image C:\Users\hp\Desktop\hepsi\gümülü\gumulu-1\bef-ALEYNA_MEMISOGLU_jpg_8b09d9e8-1872-42e4-9581-4a1b33a2b577.jpg: Image is None: C:\Users\hp\Desktop\hepsi\gümülü\gumulu-1\bef-ALEYNA_MEMISOGLU_jpg_8b09d9e8-1872-42e4-9581-4a1b33a2b577.jpg
ERROR:root:Error processing image C:\Users\hp\Desktop\hepsi\gümülü\gumulu-1\bef-AMGAD FAREA AHMED_AL-NAGGAR_jpg_20a3a1d4-5c12-4b2d-adaa-385869632389.jpg: Image is None: C:\Users\hp\Desktop\hepsi\gümülü\gumulu-1\bef-AMGAD FAREA AHMED_AL-NAGGAR_jpg_20a3a1d4-5c12-4b2d-adaa-385869632389.jpg
ERROR:root:Error processing image C:\Users\hp\Desktop\hepsi\gümülü\gumulu-1\bef-ASLI ZUHAL_DEMIR_jpg_b694bb16-33db-44e1-98a5-6bc6480ef8bf.jpg: Image is None: C:\Users\hp\Desktop\hepsi\gümülü\gumulu-1\bef-ASLI ZUHAL_DEMIR_jpg_b694bb16-33db-44e1-98a5-6bc6480ef8bf.jpg
ERROR:root:Error processing image C:\Users\hp\Desktop\hepsi\gümülü\gumulu-1\bef-AYBUKE_KILIÇ_jpg_678d168a-b3c6-43a2-a1b0-9b60cd76d9ac.jpg: Image is None: C:\Users\hp\Desktop\hepsi\gümülü\gumulu-1\bef-AYBUKE_KILIÇ_jpg_678d168a-b3c6-43a2-a1b0-9b60cd76d9ac.jpg
ERROR:root:Error processing image C:\Users\hp\Desktop\hepsi\gümülü\gumulu-1\bef-AYSE SUDE_ULUKOY_jpg_bf4acecd-392a-40bf-aa3c-8c37b7403c25.jpg: Image is None: C:\Users\hp\Desktop\hepsi\gümülü\gumulu-1\bef-AYSE SUDE_ULUKOY_jpg_bf4acecd-392a-40bf-aa3c-8c37b7403c25.jpg
ERROR:root:Error processing image C:\Users\hp\Desktop\hepsi\gümülü\gumulu-1\bef-AYSEGUL_CETINKAYA_jpg_b70f9500-0839-4ca7-8e0e-87b4c0cd5fea.jpg: Image is None: C:\Users\hp\Desktop\hepsi\gümülü\gumulu-1\bef-AYSEGUL_CETINKAYA_jpg_b70f9500-0839-4ca7-8e0e-87b4c0cd5fea.jpg
ERROR:root:Error processing image C:\Users\hp\Desktop\hepsi\gümülü\gumulu-1\bef-AYSENUR_YILDIRIM_jpg_f3fb06b9-2b70-4947-a78d-83e3002aa91a.jpg: Image is None: C:\Users\hp\Desktop\hepsi\gümülü\gumulu-1\bef-AYSENUR_YILDIRIM_jpg_f3fb06b9-2b70-4947-a78d-83e3002aa91a.jpg
ERROR:root:Error processing image C:\Users\hp\Desktop\hepsi\gümülü\gumulu-1\bef-BAHRI CAN_ERKAL_jpg_b3814bac-3564-4196-a566-bc2c5059c1ee.jpg: Image is None: C:\Users\hp\Desktop\hepsi\gümülü\gumulu-1\bef-BAHRI CAN_ERKAL_jpg_b3814bac-3564-4196-a566-bc2c5059c1ee.jpg
ERROR:root:Error processing image C:\Users\hp\Desktop\hepsi\gümülü\gumulu-1\bef-BERRA_BUZUN_jpg_e366b9a6-efab-4324-ba3e-7e14cf0d6c06.jpg: Image is None: C:\Users\hp\Desktop\hepsi\gümülü\gumulu-1\bef-BERRA_BUZUN_jpg_e366b9a6-efab-4324-ba3e-7e14cf0d6c06.jpg
ERROR:root:Error processing image C:\Users\hp\Desktop\hepsi\gümülü\gumulu-1\bef-BEYZA NUR_ERDEM_jpg_e281b036-5903-49b5-ae4e-61dd69f89bf4.jpg: Image is None: C:\Users\hp\Desktop\hepsi\gümülü\gumulu-1\bef-BEYZA NUR_ERDEM_jpg_e281b036-5903-49b5-ae4e-61dd69f89bf4.jpg
ERROR:root:Error processing image C:\Users\hp\Desktop\hepsi\gümülü\gumulu-1\bef-BUSE_KUZEL_jpg_b3ba5b6c-0a52-4ba9-a56c-f124ad76b71c.jpg: Image is None: C:\Users\hp\Desktop\hepsi\gümülü\gumulu-1\bef-BUSE_KUZEL_jpg_b3ba5b6c-0a52-4ba9-a56c-f124ad76b71c.jpg
ERROR:root:Error processing image C:\Users\hp\Desktop\hepsi\gümülü\gumulu-1\bef-BUSRA SUDE_DURU_jpg_80f2bdd9-c64c-4f2c-9d11-977cbd4889de.jpg: Image is None: C:\Users\hp\Desktop\hepsi\gümülü\gumulu-1\bef-BUSRA SUDE_DURU_jpg_80f2bdd9-c64c-4f2c-9d11-977cbd4889de.jpg
ERROR:root:Error processing image C:\Users\hp\Desktop\hepsi\gümülü\gumulu-1\bef-CANSIN_TUNA_jpg_d2231da8-3824-49b6-a769-b30de2bc6acd.jpg: Image is None: C:\Users\hp\Desktop\hepsi\gümülü\gumulu-1\bef-CANSIN_TUNA_jpg_d2231da8-3824-49b6-a769-b30de2bc6acd.jpg
ERROR:root:Error processing image C:\Users\hp\Desktop\hepsi\gümülü\gumulu-1\bef-CEMAL_KILER_jpg_7f84ffa0-e096-40c5-8570-f5ae40a65fb9.jpg: Image is None: C:\Users\hp\Desktop\hepsi\gümülü\gumulu-1\bef-CEMAL_KILER_jpg_7f84ffa0-e096-40c5-8570-f5ae40a65fb9.jpg
ERROR:root:Error processing image C:\Users\hp\Desktop\hepsi\gümülü\gumulu-1\bef-CEMILE_INAN_jpg_01c005d8-f56c-4c9a-b193-fb3754dcfead.jpg: Image is None: C:\Users\hp\Desktop\hepsi\gümülü\gumulu-1\bef-CEMILE_INAN_jpg_01c005d8-f56c-4c9a-b193-fb3754dcfead.jpg
ERROR:root:Error processing image C:\Users\hp\Desktop\hepsi\gümülü\gumulu-1\bef-DENIZ BEYZA_KART_jpg_78dd4810-470c-4cd7-8bcb-5e4a2b55d05a.jpg: Image is None: C:\Users\hp\Desktop\hepsi\gümülü\gumulu-1\bef-DENIZ BEYZA_KART_jpg_78dd4810-470c-4cd7-8bcb-5e4a2b55d05a.jpg
ERROR:root:Error processing image C:\Users\hp\Desktop\hepsi\gümülü\gumulu-1\bef-DENIZ_KILIC_jpg_5aed358b-c813-44e3-b65f-b3d3578be99e.jpg: Image is None: C:\Users\hp\Desktop\hepsi\gümülü\gumulu-1\bef-DENIZ_KILIC_jpg_5aed358b-c813-44e3-b65f-b3d3578be99e.jpg
ERROR:root:Error processing image C:\Users\hp\Desktop\hepsi\gümülü\gumulu-1\bef-DENIZ_ONDER_jpg_e67dff30-4e82-480d-9f1f-467c635cb534.jpg: Image is None: C:\Users\hp\Desktop\hepsi\gümülü\gumulu-1\bef-DENIZ_ONDER_jpg_e67dff30-4e82-480d-9f1f-467c635cb534.jpg
ERROR:root:Error processing image C:\Users\hp\Desktop\hepsi\gümülü\gumulu-1\bef-DILARA_KAHRAMAN_jpg_17bf8e94-c569-417f-a707-6d9d6a57e708.jpg: Image is None: C:\Users\hp\Desktop\hepsi\gümülü\gumulu-1\bef-DILARA_KAHRAMAN_jpg_17bf8e94-c569-417f-a707-6d9d6a57e708.jpg
ERROR:root:Error processing image C:\Users\hp\Desktop\hepsi\gümülü\gumulu-1\bef-DILARA_KOC_jpg_d51ab6f5-848b-4ae2-9913-c2157caa454d.jpg: Image is None: C:\Users\hp\Desktop\hepsi\gümülü\gumulu-1\bef-DILARA_KOC_jpg_d51ab6f5-848b-4ae2-9913-c2157caa454d.jpg
ERROR:root:Error processing image C:\Users\hp\Desktop\hepsi\gümülü\gumulu-1\bef-DILARA_RAZI_jpg_6672f96b-babf-4be9-9449-bb3d793ef669.jpg: Image is None: C:\Users\hp\Desktop\hepsi\gümülü\gumulu-1\bef-DILARA_RAZI_jpg_6672f96b-babf-4be9-9449-bb3d793ef669.jpg
ERROR:root:Error processing image C:\Users\hp\Desktop\hepsi\gümülü\gumulu-1\bef-DILRUBA ILKE_PAZARCIKCI_jpg_7e0d2db0-b35d-405a-82d8-f430dee4fb29.jpg: Image is None: C:\Users\hp\Desktop\hepsi\gümülü\gumulu-1\bef-DILRUBA ILKE_PAZARCIKCI_jpg_7e0d2db0-b35d-405a-82d8-f430dee4fb29.jpg
ERROR:root:Error processing image C:\Users\hp\Desktop\hepsi\gümülü\gumulu-1\bef-DOGUS_GOK_jpg_cd9a9014-6a9e-45db-a8c5-0ce129f89445.jpg: Image is None: C:\Users\hp\Desktop\hepsi\gümülü\gumulu-1\bef-DOGUS_GOK_jpg_cd9a9014-6a9e-45db-a8c5-0ce129f89445.jpg
ERROR:root:Error processing image C:\Users\hp\Desktop\hepsi\gümülü\gumulu-1\bef-DUYGU BERAAT_KAPUCUOGLU_jpg_c4f2d539-6eca-4d65-bd8c-8102719aa198.jpg: Image is None: C:\Users\hp\Desktop\hepsi\gümülü\gumulu-1\bef-DUYGU BERAAT_KAPUCUOGLU_jpg_c4f2d539-6eca-4d65-bd8c-8102719aa198.jpg
ERROR:root:Error processing image C:\Users\hp\Desktop\hepsi\gümülü\gumulu-1\ABDULKARIM_ANADANI_jpg_ca93bbbd-5f1a-47c1-b087-72017a42fa11.jpg: Image is None: C:\Users\hp\Desktop\hepsi\gümülü\gumulu-1\ABDULKARIM_ANADANI_jpg_ca93bbbd-5f1a-47c1-b087-72017a42fa11.jpg
ERROR:root:Error processing image C:\Users\hp\Desktop\hepsi\gümülü\gumulu-1\AHMED_SWEILEM_jpg_a6eeda55-1c26-4c5e-836d-70f90667eae9.jpg: Image is None: C:\Users\hp\Desktop\hepsi\gümülü\gumulu-1\AHMED_SWEILEM_jpg_a6eeda55-1c26-4c5e-836d-70f90667eae9.jpg
ERROR:root:Error processing image C:\Users\hp\Desktop\hepsi\gümülü\gumulu-1\AHMED_TURKOGLU_jpg_fd5ea76d-9866-426c-87cc-995fee2b8ee6.jpg: Image is None: C:\Users\hp\Desktop\hepsi\gümülü\gumulu-1\AHMED_TURKOGLU_jpg_fd5ea76d-9866-426c-87cc-995fee2b8ee6.jpg
ERROR:root:Error processing image C:\Users\hp\Desktop\hepsi\gümülü\gumulu-1\ALEYNA IREM_KALYONCU_jpg_73c7db0d-47f8-45c3-b8d2-d64fd1797a06.jpg: Image is None: C:\Users\hp\Desktop\hepsi\gümülü\gumulu-1\ALEYNA IREM_KALYONCU_jpg_73c7db0d-47f8-45c3-b8d2-d64fd1797a06.jpg
ERROR:root:Error processing image C:\Users\hp\Desktop\hepsi\gümülü\gumulu-1\ALEYNA_MEMISOGLU_jpg_8b09d9e8-1872-42e4-9581-4a1b33a2b577.jpg: Image is None: C:\Users\hp\Desktop\hepsi\gümülü\gumulu-1\ALEYNA_MEMISOGLU_jpg_8b09d9e8-1872-42e4-9581-4a1b33a2b577.jpg
ERROR:root:Error processing image C:\Users\hp\Desktop\hepsi\gümülü\gumulu-1\AMGAD FAREA AHMED_AL-NAGGAR_jpg_20a3a1d4-5c12-4b2d-adaa-385869632389.jpg: Image is None: C:\Users\hp\Desktop\hepsi\gümülü\gumulu-1\AMGAD FAREA AHMED_AL-NAGGAR_jpg_20a3a1d4-5c12-4b2d-adaa-385869632389.jpg
ERROR:root:Error processing image C:\Users\hp\Desktop\hepsi\gümülü\gumulu-1\ASLI ZUHAL_DEMIR_jpg_b694bb16-33db-44e1-98a5-6bc6480ef8bf.jpg: Image is None: C:\Users\hp\Desktop\hepsi\gümülü\gumulu-1\ASLI ZUHAL_DEMIR_jpg_b694bb16-33db-44e1-98a5-6bc6480ef8bf.jpg
ERROR:root:Error processing image C:\Users\hp\Desktop\hepsi\gümülü\gumulu-1\AYBUKE_KILIC_jpg_678d168a-b3c6-43a2-a1b0-9b60cd76d9ac.jpg: Image is None: C:\Users\hp\Desktop\hepsi\gümülü\gumulu-1\AYBUKE_KILIC_jpg_678d168a-b3c6-43a2-a1b0-9b60cd76d9ac.jpg
ERROR:root:Error processing image C:\Users\hp\Desktop\hepsi\gümülü\gumulu-1\AYSE SUDE_ULUKOY_jpg_bf4acecd-392a-40bf-aa3c-8c37b7403c25.jpg: Image is None: C:\Users\hp\Desktop\hepsi\gümülü\gumulu-1\AYSE SUDE_ULUKOY_jpg_bf4acecd-392a-40bf-aa3c-8c37b7403c25.jpg
ERROR:root:Error processing image C:\Users\hp\Desktop\hepsi\gümülü\gumulu-1\AYSEGUL_CETINKAYA_jpg_b70f9500-0839-4ca7-8e0e-87b4c0cd5fea.jpg: Image is None: C:\Users\hp\Desktop\hepsi\gümülü\gumulu-1\AYSEGUL_CETINKAYA_jpg_b70f9500-0839-4ca7-8e0e-87b4c0cd5fea.jpg
ERROR:root:Error processing image C:\Users\hp\Desktop\hepsi\gümülü\gumulu-1\AYSENUR_YILDIRIM_jpg_f3fb06b9-2b70-4947-a78d-83e3002aa91a.jpg: Image is None: C:\Users\hp\Desktop\hepsi\gümülü\gumulu-1\AYSENUR_YILDIRIM_jpg_f3fb06b9-2b70-4947-a78d-83e3002aa91a.jpg
ERROR:root:Error processing image C:\Users\hp\Desktop\hepsi\gümülü\gumulu-1\BAHRI CAN_ERKAL_jpg_b3814bac-3564-4196-a566-bc2c5059c1ee.jpg: Image is None: C:\Users\hp\Desktop\hepsi\gümülü\gumulu-1\BAHRI CAN_ERKAL_jpg_b3814bac-3564-4196-a566-bc2c5059c1ee.jpg
ERROR:root:Error processing image C:\Users\hp\Desktop\hepsi\gümülü\gumulu-1\BERRA_BUZUN_jpg_e366b9a6-efab-4324-ba3e-7e14cf0d6c06.jpg: Image is None: C:\Users\hp\Desktop\hepsi\gümülü\gumulu-1\BERRA_BUZUN_jpg_e366b9a6-efab-4324-ba3e-7e14cf0d6c06.jpg
ERROR:root:Error processing image C:\Users\hp\Desktop\hepsi\gümülü\gumulu-1\BEYZA NUR_ERDEM_jpg_e281b036-5903-49b5-ae4e-61dd69f89bf4.jpg: Image is None: C:\Users\hp\Desktop\hepsi\gümülü\gumulu-1\BEYZA NUR_ERDEM_jpg_e281b036-5903-49b5-ae4e-61dd69f89bf4.jpg
ERROR:root:Error processing image C:\Users\hp\Desktop\hepsi\gümülü\gumulu-1\BUSE_KUZEL_jpg_b3ba5b6c-0a52-4ba9-a56c-f124ad76b71c.jpg: Image is None: C:\Users\hp\Desktop\hepsi\gümülü\gumulu-1\BUSE_KUZEL_jpg_b3ba5b6c-0a52-4ba9-a56c-f124ad76b71c.jpg
ERROR:root:Error processing image C:\Users\hp\Desktop\hepsi\gümülü\gumulu-1\BUSRA SUDE_DURU_jpg_80f2bdd9-c64c-4f2c-9d11-977cbd4889de.jpg: Image is None: C:\Users\hp\Desktop\hepsi\gümülü\gumulu-1\BUSRA SUDE_DURU_jpg_80f2bdd9-c64c-4f2c-9d11-977cbd4889de.jpg
ERROR:root:Error processing image C:\Users\hp\Desktop\hepsi\gümülü\gumulu-1\CANSIN_TUNA_jpg_d2231da8-3824-49b6-a769-b30de2bc6acd.jpg: Image is None: C:\Users\hp\Desktop\hepsi\gümülü\gumulu-1\CANSIN_TUNA_jpg_d2231da8-3824-49b6-a769-b30de2bc6acd.jpg
ERROR:root:Error processing image C:\Users\hp\Desktop\hepsi\gümülü\gumulu-1\CEMAL_KILER_jpg_7f84ffa0-e096-40c5-8570-f5ae40a65fb9.jpg: Image is None: C:\Users\hp\Desktop\hepsi\gümülü\gumulu-1\CEMAL_KILER_jpg_7f84ffa0-e096-40c5-8570-f5ae40a65fb9.jpg
ERROR:root:Error processing image C:\Users\hp\Desktop\hepsi\gümülü\gumulu-1\CEMILE_INAN_jpg_01c005d8-f56c-4c9a-b193-fb3754dcfead.jpg: Image is None: C:\Users\hp\Desktop\hepsi\gümülü\gumulu-1\CEMILE_INAN_jpg_01c005d8-f56c-4c9a-b193-fb3754dcfead.jpg
ERROR:root:Error processing image C:\Users\hp\Desktop\hepsi\gümülü\gumulu-1\DENIZ BEYZA_KART_jpg_78dd4810-470c-4cd7-8bcb-5e4a2b55d05a.jpg: Image is None: C:\Users\hp\Desktop\hepsi\gümülü\gumulu-1\DENIZ BEYZA_KART_jpg_78dd4810-470c-4cd7-8bcb-5e4a2b55d05a.jpg
ERROR:root:Error processing image C:\Users\hp\Desktop\hepsi\gümülü\gumulu-1\DENIZ_KILIC_jpg_5aed358b-c813-44e3-b65f-b3d3578be99e.jpg: Image is None: C:\Users\hp\Desktop\hepsi\gümülü\gumulu-1\DENIZ_KILIC_jpg_5aed358b-c813-44e3-b65f-b3d3578be99e.jpg
ERROR:root:Error processing image C:\Users\hp\Desktop\hepsi\gümülü\gumulu-1\DENIZ_ONDER_jpg_e67dff30-4e82-480d-9f1f-467c635cb534.jpg: Image is None: C:\Users\hp\Desktop\hepsi\gümülü\gumulu-1\DENIZ_ONDER_jpg_e67dff30-4e82-480d-9f1f-467c635cb534.jpg
ERROR:root:Error processing image C:\Users\hp\Desktop\hepsi\gümülü\gumulu-1\DILARA_KAHRAMAN_jpg_17bf8e94-c569-417f-a707-6d9d6a57e708.jpg: Image is None: C:\Users\hp\Desktop\hepsi\gümülü\gumulu-1\DILARA_KAHRAMAN_jpg_17bf8e94-c569-417f-a707-6d9d6a57e708.jpg
ERROR:root:Error processing image C:\Users\hp\Desktop\hepsi\gümülü\gumulu-1\DILARA_KOC_jpg_d51ab6f5-848b-4ae2-9913-c2157caa454d.jpg: Image is None: C:\Users\hp\Desktop\hepsi\gümülü\gumulu-1\DILARA_KOC_jpg_d51ab6f5-848b-4ae2-9913-c2157caa454d.jpg
ERROR:root:Error processing image C:\Users\hp\Desktop\hepsi\gümülü\gumulu-1\DILARA_RAZI_jpg_6672f96b-babf-4be9-9449-bb3d793ef669.jpg: Image is None: C:\Users\hp\Desktop\hepsi\gümülü\gumulu-1\DILARA_RAZI_jpg_6672f96b-babf-4be9-9449-bb3d793ef669.jpg
ERROR:root:Error processing image C:\Users\hp\Desktop\hepsi\gümülü\gumulu-1\DILRUBA ILKE_PAZARCIKCI_jpg_7e0d2db0-b35d-405a-82d8-f430dee4fb29.jpg: Image is None: C:\Users\hp\Desktop\hepsi\gümülü\gumulu-1\DILRUBA ILKE_PAZARCIKCI_jpg_7e0d2db0-b35d-405a-82d8-f430dee4fb29.jpg
ERROR:root:Error processing image C:\Users\hp\Desktop\hepsi\gümülü\gumulu-1\DOGUS_GOK_jpg_cd9a9014-6a9e-45db-a8c5-0ce129f89445.jpg: Image is None: C:\Users\hp\Desktop\hepsi\gümülü\gumulu-1\DOGUS_GOK_jpg_cd9a9014-6a9e-45db-a8c5-0ce129f89445.jpg
ERROR:root:Error processing image C:\Users\hp\Desktop\hepsi\gümülü\gumulu-1\DUYGU BERAAT_KAPUCUOGLU_jpg_c4f2d539-6eca-4d65-bd8c-8102719aa198.jpg: Image is None: C:\Users\hp\Desktop\hepsi\gümülü\gumulu-1\DUYGU BERAAT_KAPUCUOGLU_jpg_c4f2d539-6eca-4d65-bd8c-8102719aa198.jpg
ERROR:root:Error processing image C:\Users\hp\Desktop\hepsi\gumulu\gumulu-3\bef-GOKTUG_ÜNVER_jpg_81dfb4f2-cbc1-43ad-a4b9-bd52a79c175d.jpg: Image is None: C:\Users\hp\Desktop\hepsi\gumulu\gumulu-3\bef-GOKTUG_ÜNVER_jpg_81dfb4f2-cbc1-43ad-a4b9-bd52a79c175d.jpg
ERROR:root:Error processing image C:\Users\hp\Desktop\hepsi\gumulu\gumulu-5\bef-YARKIN_KILINÇ_jpg_af8a94b3-f845-4045-811b-4187eb64fe4a.jpg: Image is None: C:\Users\hp\Desktop\hepsi\gumulu\gumulu-5\bef-YARKIN_KILINÇ_jpg_af8a94b3-f845-4045-811b-4187eb64fe4a.jpg
ERROR:root:Error processing image C:\Users\hp\Desktop\hepsi\ONCE\once-5\BUNYAMIN_ÇETIN_aft-jpg_c50efd0a-2c25-4704-aa45-1bbfdd675187.jpg: Image is None: C:\Users\hp\Desktop\hepsi\ONCE\once-5\BUNYAMIN_ÇETIN_aft-jpg_c50efd0a-2c25-4704-aa45-1bbfdd675187.jpg
ERROR:root:Error processing image C:\Users\hp\Desktop\hepsi\ONCE\once-5\BUNYAMIN_ÇETIN_bef-jpg_c50efd0a-2c25-4704-aa45-1bbfdd675187.jpg: Image is None: C:\Users\hp\Desktop\hepsi\ONCE\once-5\BUNYAMIN_ÇETIN_bef-jpg_c50efd0a-2c25-4704-aa45-1bbfdd675187.jpg
ERROR:root:Error processing image C:\Users\hp\Desktop\hepsi\ONCE\once-8\ELÇIN_TANUSTU_aft-jpg_ce14d6a0-e385-4a39-89b6-45b169ef47a4.jpg: Image is None: C:\Users\hp\Desktop\hepsi\ONCE\once-8\ELÇIN_TANUSTU_aft-jpg_ce14d6a0-e385-4a39-89b6-45b169ef47a4.jpg
ERROR:root:Error processing image C:\Users\hp\Desktop\hepsi\ONCE\once-8\ELÇIN_TANUSTU_bef-jpg_ce14d6a0-e385-4a39-89b6-45b169ef47a4.jpg: Image is None: C:\Users\hp\Desktop\hepsi\ONCE\once-8\ELÇIN_TANUSTU_bef-jpg_ce14d6a0-e385-4a39-89b6-45b169ef47a4.jpg
ERROR:root:Error processing image C:\Users\hp\Desktop\hepsi\ONCE\once-12\GÜLAY_CANBAZOGLU_aft-jpg_e4bf7a17-116e-42ab-b206-21a5cb57446b.jpg: Image is None: C:\Users\hp\Desktop\hepsi\ONCE\once-12\GÜLAY_CANBAZOGLU_aft-jpg_e4bf7a17-116e-42ab-b206-21a5cb57446b.jpg
ERROR:root:Error processing image C:\Users\hp\Desktop\hepsi\ONCE\once-12\GÜLAY_CANBAZOGLU_bef-jpg_e4bf7a17-116e-42ab-b206-21a5cb57446b.jpg: Image is None: C:\Users\hp\Desktop\hepsi\ONCE\once-12\GÜLAY_CANBAZOGLU_bef-jpg_e4bf7a17-116e-42ab-b206-21a5cb57446b.jpg
ERROR:root:Error processing image C:\Users\hp\Desktop\hepsi\ONCE\once-17\ISA_GÜL_aft-jpg_e4889e79-4390-4859-afcb-6721e9cc78cf.jpg: Image is None: C:\Users\hp\Desktop\hepsi\ONCE\once-17\ISA_GÜL_aft-jpg_e4889e79-4390-4859-afcb-6721e9cc78cf.jpg
ERROR:root:Error processing image C:\Users\hp\Desktop\hepsi\ONCE\once-17\ISA_GÜL_bef-jpg_e4889e79-4390-4859-afcb-6721e9cc78cf.jpg: Image is None: C:\Users\hp\Desktop\hepsi\ONCE\once-17\ISA_GÜL_bef-jpg_e4889e79-4390-4859-afcb-6721e9cc78cf.jpg
ERROR:root:Error processing image C:\Users\hp\Desktop\hepsi\ONCE\once-19\MEHMET_KOMURCÜOGLU_aft-jpg_f30c08c6-55a3-4576-bd38-e8d1bae032cd.jpg: Image is None: C:\Users\hp\Desktop\hepsi\ONCE\once-19\MEHMET_KOMURCÜOGLU_aft-jpg_f30c08c6-55a3-4576-bd38-e8d1bae032cd.jpg
ERROR:root:Error processing image C:\Users\hp\Desktop\hepsi\ONCE\once-19\MEHMET_KOMURCÜOGLU_bef-jpg_f30c08c6-55a3-4576-bd38-e8d1bae032cd.jpg: Image is None: C:\Users\hp\Desktop\hepsi\ONCE\once-19\MEHMET_KOMURCÜOGLU_bef-jpg_f30c08c6-55a3-4576-bd38-e8d1bae032cd.jpg
ERROR:root:Error processing image C:\Users\hp\Desktop\hepsi\ONCE\once-20\MIRAN SAMET_KAPALIGÖZ_aft-jpg_c9755595-d397-4e85-8e47-03e89cf67bd5.jpg: Image is None: C:\Users\hp\Desktop\hepsi\ONCE\once-20\MIRAN SAMET_KAPALIGÖZ_aft-jpg_c9755595-d397-4e85-8e47-03e89cf67bd5.jpg
ERROR:root:Error processing image C:\Users\hp\Desktop\hepsi\ONCE\once-20\MIRAN SAMET_KAPALIGÖZ_bef-jpg_c9755595-d397-4e85-8e47-03e89cf67bd5.jpg: Image is None: C:\Users\hp\Desktop\hepsi\ONCE\once-20\MIRAN SAMET_KAPALIGÖZ_bef-jpg_c9755595-d397-4e85-8e47-03e89cf67bd5.jpg
ERROR:root:Error processing image C:\Users\hp\Desktop\hepsi\ONCE\once-20\MÜBERRA_ERYILMAZ_aft-jpg_afff71a7-7343-46ef-b89d-277faf32837b.jpg: Image is None: C:\Users\hp\Desktop\hepsi\ONCE\once-20\MÜBERRA_ERYILMAZ_aft-jpg_afff71a7-7343-46ef-b89d-277faf32837b.jpg
ERROR:root:Error processing image C:\Users\hp\Desktop\hepsi\ONCE\once-20\MÜBERRA_ERYILMAZ_bef-jpg_afff71a7-7343-46ef-b89d-277faf32837b.jpg: Image is None: C:\Users\hp\Desktop\hepsi\ONCE\once-20\MÜBERRA_ERYILMAZ_bef-jpg_afff71a7-7343-46ef-b89d-277faf32837b.jpg
ERROR:root:Error processing image C:\Users\hp\Desktop\hepsi\ONCE\once-21\MUGE BURCU_ÖZDEMIR_aft-jpg_61c10415-a3d9-47d8-a696-323fe53352ee.jpg: Image is None: C:\Users\hp\Desktop\hepsi\ONCE\once-21\MUGE BURCU_ÖZDEMIR_aft-jpg_61c10415-a3d9-47d8-a696-323fe53352ee.jpg
ERROR:root:Error processing image C:\Users\hp\Desktop\hepsi\ONCE\once-21\MUGE BURCU_ÖZDEMIR_bef-jpg_61c10415-a3d9-47d8-a696-323fe53352ee.jpg: Image is None: C:\Users\hp\Desktop\hepsi\ONCE\once-21\MUGE BURCU_ÖZDEMIR_bef-jpg_61c10415-a3d9-47d8-a696-323fe53352ee.jpg
ERROR:root:Error processing image C:\Users\hp\Desktop\hepsi\ONCE\once-27\SELÇUK_YILMAZ_aft-jpg_c158a8f6-af71-4227-a800-da1ae10f19a0.jpg: Image is None: C:\Users\hp\Desktop\hepsi\ONCE\once-27\SELÇUK_YILMAZ_aft-jpg_c158a8f6-af71-4227-a800-da1ae10f19a0.jpg
ERROR:root:Error processing image C:\Users\hp\Desktop\hepsi\ONCE\once-27\SELÇUK_YILMAZ_bef-jpg_c158a8f6-af71-4227-a800-da1ae10f19a0.jpg: Image is None: C:\Users\hp\Desktop\hepsi\ONCE\once-27\SELÇUK_YILMAZ_bef-jpg_c158a8f6-af71-4227-a800-da1ae10f19a0.jpg
